Microsoft HTML Help Compiler 4.74.8702

Compiling g:\Form Flipper\Form Flipper Help\DC Form Flipper v3.5.chm

HHC5013: Error: URL reference in the TOC cannot be resolved: "Dynamic%20Components%20Form%20Flipper.htm".
HHC5013: Error: URL reference in the TOC cannot be resolved: "System%20Requirements.htm".
HHC5013: Error: URL reference in the TOC cannot be resolved: "Installing%20Form%20Flipper%20COM.htm".
HHC5013: Error: URL reference in the TOC cannot be resolved: "Including%20DC%20Form%20Flipper.htm".
HHC5013: Error: URL reference in the TOC cannot be resolved: "Deploying%20Form%20Flipper%20COM%20Applications.htm".
HHC5013: Error: URL reference in the TOC cannot be resolved: "Contact%20us.htm".
HHC5013: Error: URL reference in the TOC cannot be resolved: "How%20to%20order.htm".
HHC5013: Error: URL reference in the TOC cannot be resolved: "How%20to%20Register%20your%20Copy.htm".


The following files were not compiled:
Microsoft HTML Help Compiler 4.74.8702

Compiling g:\Form Flipper\Form Flipper Help\DC Form Flipper v3.5.chm

HHC5013: Error: URL reference in the TOC cannot be resolved: "Dynamic%20Components%20Form%20Flipper.htm".
HHC5013: Error: URL reference in the TOC cannot be resolved: "System%20Requirements.htm".
HHC5013: Error: URL reference in the TOC cannot be resolved: "Installing%20Form%20Flipper%20COM.htm".
HHC5013: Error: URL reference in the TOC cannot be resolved: "Including%20DC%20Form%20Flipper.htm".
HHC5013: Error: URL reference in the TOC cannot be resolved: "Deploying%20Form%20Flipper%20COM%20Applications.htm".
HHC5013: Error: URL reference in the TOC cannot be resolved: "Contact%20us.htm".
HHC5013: Error: URL reference in the TOC cannot be resolved: "How%20to%20order.htm".
HHC5013: Error: URL reference in the TOC cannot be resolved: "How%20to%20Register%20your%20Copy.htm".


The following files were not compiled:
Microsoft HTML Help Compiler 4.74.8702

Compiling g:\Form Flipper\Form Flipper Help\DC Form Flipper v3.5.chm

HHC5013: Error: URL reference in the TOC cannot be resolved: "Dynamic%20Components%20Form%20Flipper.htm".
HHC5013: Error: URL reference in the TOC cannot be resolved: "System%20Requirements.htm".
HHC5013: Error: URL reference in the TOC cannot be resolved: "Installing%20Form%20Flipper%20COM.htm".
HHC5013: Error: URL reference in the TOC cannot be resolved: "Including%20DC%20Form%20Flipper.htm".
HHC5013: Error: URL reference in the TOC cannot be resolved: "Deploying%20Form%20Flipper%20COM%20Applications.htm".
HHC5013: Error: URL reference in the TOC cannot be resolved: "Contact%20us.htm".
HHC5013: Error: URL reference in the TOC cannot be resolved: "How%20to%20order.htm".
HHC5013: Error: URL reference in the TOC cannot be resolved: "How%20to%20Register%20your%20Copy.htm".


The following files were not compiled:
